crond: crond (busybox 1.35.0) started, log level 8
crond: USER root pid  44 cmd run-parts /etc/periodic/15min
crond: crond (busybox 1.35.0) started, log level 8
crond: crond (busybox 1.35.0) started, log level 8
crond: USER root pid  43 cmd run-parts /etc/periodic/15min
crond: USER root pid  44 cmd run-parts /etc/periodic/hourly
crond: USER root pid  47 cmd run-parts /etc/periodic/15min
crond: USER root pid  48 cmd run-parts /etc/periodic/15min
crond: USER root pid  49 cmd run-parts /etc/periodic/15min
crond: USER root pid  51 cmd run-parts /etc/periodic/15min
crond: USER root pid  52 cmd run-parts /etc/periodic/hourly
crond: crond (busybox 1.35.0) started, log level 8
crond: USER root pid  14 cmd run-parts /etc/periodic/15min
crond: USER root pid  15 cmd run-parts /etc/periodic/hourly
crond: USER root pid  77 cmd run-parts /etc/periodic/15min
crond: USER root pid  78 cmd run-parts /etc/periodic/15min
crond: USER root pid  79 cmd run-parts /etc/periodic/15min
crond: USER root pid  80 cmd run-parts /etc/periodic/15min
crond: USER root pid  81 cmd run-parts /etc/periodic/hourly
crond: USER root pid 101 cmd run-parts /etc/periodic/15min
crond: crond (busybox 1.35.0) started, log level 8
crond: USER root pid  49 cmd run-parts /etc/periodic/15min
crond: USER root pid  50 cmd run-parts /etc/periodic/15min
crond: USER root pid  51 cmd run-parts /etc/periodic/15min
crond: USER root pid  52 cmd run-parts /etc/periodic/15min
crond: USER root pid  53 cmd run-parts /etc/periodic/hourly
crond: USER root pid  54 cmd run-parts /etc/periodic/15min
crond: USER root pid  55 cmd run-parts /etc/periodic/15min
crond: USER root pid  56 cmd run-parts /etc/periodic/15min
crond: USER root pid  57 cmd run-parts /etc/periodic/15min
crond: USER root pid  58 cmd run-parts /etc/periodic/hourly
crond: USER root pid  59 cmd run-parts /etc/periodic/15min
crond: USER root pid  60 cmd run-parts /etc/periodic/15min
crond: USER root pid  61 cmd run-parts /etc/periodic/15min
crond: USER root pid  62 cmd run-parts /etc/periodic/hourly
crond: USER root pid  80 cmd run-parts /etc/periodic/15min
crond: USER root pid  83 cmd run-parts /etc/periodic/15min
crond: USER root pid  86 cmd run-parts /etc/periodic/15min
crond: USER root pid  93 cmd run-parts /etc/periodic/15min
crond: USER root pid  94 cmd run-parts /etc/periodic/hourly
crond: USER root pid  95 cmd run-parts /etc/periodic/15min
crond: USER root pid  96 cmd run-parts /etc/periodic/15min
crond: USER root pid  97 cmd run-parts /etc/periodic/15min
crond: USER root pid  98 cmd run-parts /etc/periodic/15min
crond: USER root pid  99 cmd run-parts /etc/periodic/hourly
crond: USER root pid 100 cmd run-parts /etc/periodic/15min
crond: USER root pid 101 cmd run-parts /etc/periodic/15min
crond: USER root pid 102 cmd run-parts /etc/periodic/15min
crond: USER root pid 103 cmd run-parts /etc/periodic/15min
crond: USER root pid 104 cmd run-parts /etc/periodic/hourly
crond: USER root pid 105 cmd run-parts /etc/periodic/15min
crond: USER root pid 106 cmd run-parts /etc/periodic/15min
crond: USER root pid 115 cmd run-parts /etc/periodic/15min
crond: crond (busybox 1.35.0) started, log level 8
crond: USER root pid  16 cmd run-parts /etc/periodic/15min
crond: USER root pid  18 cmd run-parts /etc/periodic/15min
crond: USER root pid  31 cmd run-parts /etc/periodic/15min
crond: USER root pid  32 cmd run-parts /etc/periodic/hourly
crond: USER root pid  33 cmd run-parts /etc/periodic/15min
crond: USER root pid  34 cmd run-parts /etc/periodic/15min
crond: USER root pid  35 cmd run-parts /etc/periodic/15min
